<?xml version="1.0" encoding="UTF-8"?>
<!-- Generated by org.testng.reporters.JUnitReportReporter -->
<testsuite hostname="DESKTOP-07PEIS0" name="demo.TestNGDependencyDemo" tests="3" failures="0" timestamp="9 Jul 2020 21:08:40 GMT" time="0.031" errors="0">
  <testcase name="test3" time="0.002" classname="demo.TestNGDependencyDemo"/>
  <testcase name="test2" time="0.028" classname="demo.TestNGDependencyDemo"/>
  <testcase name="test1" time="0.001" classname="demo.TestNGDependencyDemo"/>
</testsuite> <!-- demo.TestNGDependencyDemo -->
