<?xml version="1.0" encoding="UTF-8"?>
<!-- Generated by org.testng.reporters.JUnitReportReporter -->
<testsuite hostname="DESKTOP-07PEIS0" name="demo.Test2" tests="1" failures="0" timestamp="12 Jul 2020 23:29:30 GMT" time="2.558" errors="0">
  <testcase name="test2" time="2.558" classname="demo.Test2"/>
</testsuite> <!-- demo.Test2 -->
