<?xml version="1.0" encoding="UTF-8"?>
<!-- Generated by org.testng.reporters.JUnitReportReporter -->
<testsuite hostname="DESKTOP-07PEIS0" name="utility.ExcelDataProvider" tests="2" failures="0" timestamp="24 Jul 2020 19:36:12 GMT" time="5.586" errors="0">
  <testcase name="test1" time="2.489" classname="utility.ExcelDataProvider"/>
  <testcase name="test1" time="3.097" classname="utility.ExcelDataProvider"/>
</testsuite> <!-- utility.ExcelDataProvider -->
