<?xml version="1.0" encoding="UTF-8"?>
<!-- Generated by org.testng.reporters.JUnitReportReporter -->
<testsuite hostname="DESKTOP-07PEIS0" name="test.ExtendReportswithTestNG" tests="1" failures="0" timestamp="30 Jun 2020 22:05:08 GMT" time="3.966" errors="0">
  <testcase name="test1" time="3.966" classname="test.ExtendReportswithTestNG"/>
</testsuite> <!-- test.ExtendReportswithTestNG -->
