<?xml version="1.0" encoding="UTF-8"?>
<!-- Generated by org.testng.reporters.JUnitReportReporter -->
<testsuite hostname="DESKTOP-07PEIS0" name="demo.TestNGPriorityDemo" tests="3" failures="0" timestamp="8 Jul 2020 17:11:17 GMT" time="0.028" errors="0">
  <testcase name="test1" time="0.002" classname="demo.TestNGPriorityDemo"/>
  <testcase name="test3" time="0.024" classname="demo.TestNGPriorityDemo"/>
  <testcase name="test2" time="0.002" classname="demo.TestNGPriorityDemo"/>
</testsuite> <!-- demo.TestNGPriorityDemo -->
