<?xml version="1.0" encoding="UTF-8"?>
<!-- Generated by org.testng.reporters.JUnitReportReporter -->
<testsuite hostname="DESKTOP-07PEIS0" name="demo.TestNGGroupsDemo" tests="1" failures="0" timestamp="9 Jul 2020 17:53:30 GMT" time="0.028" errors="0">
  <testcase name="test3" time="0.028" classname="demo.TestNGGroupsDemo"/>
</testsuite> <!-- demo.TestNGGroupsDemo -->
