<?xml version="1.0" encoding="UTF-8"?>
<!-- Generated by org.testng.reporters.JUnitReportReporter -->
<testsuite hostname="DESKTOP-07PEIS0" name="demo.TestNGMultiBrowserDemo" tests="3" failures="0" timestamp="9 Jul 2020 16:56:25 GMT" time="9.258" errors="0">
  <testcase name="test1" time="2.429" classname="demo.TestNGMultiBrowserDemo"/>
  <testcase name="test1" time="2.671" classname="demo.TestNGMultiBrowserDemo"/>
  <testcase name="test1" time="4.158" classname="demo.TestNGMultiBrowserDemo"/>
</testsuite> <!-- demo.TestNGMultiBrowserDemo -->
