<?xml version="1.0" encoding="UTF-8"?>
<!-- Generated by org.testng.reporters.JUnitReportReporter -->
<testsuite hostname="DESKTOP-07PEIS0" name="demo.TestNGParametersDemo" tests="1" failures="0" timestamp="9 Jul 2020 19:31:48 GMT" time="0.017" errors="0">
  <testcase name="test" time="0.017" classname="demo.TestNGParametersDemo"/>
</testsuite> <!-- demo.TestNGParametersDemo -->
