<?xml version="1.0" encoding="UTF-8"?>
<!-- Generated by org.testng.reporters.JUnitReportReporter -->
<testsuite hostname="DESKTOP-07PEIS0" name="test.TestNG2" tests="2" failures="0" timestamp="29 Jun 2020 14:44:28 GMT" time="5.987" errors="0">
  <testcase name="Googlesearchtest3" time="2.651" classname="test.TestNG2"/>
  <testcase name="Googlesearchtest2" time="3.336" classname="test.TestNG2"/>
</testsuite> <!-- test.TestNG2 -->
