<?xml version="1.0" encoding="UTF-8"?>
<!-- Generated by org.testng.reporters.JUnitReportReporter -->
<testsuite hostname="DESKTOP-07PEIS0" name="utility.ExcelDataProvider" tests="2" failures="0" timestamp="7 Jul 2020 15:57:42 GMT" time="5.726" errors="0">
  <testcase name="test1" time="3.179" classname="utility.ExcelDataProvider"/>
  <testcase name="test1" time="2.547" classname="utility.ExcelDataProvider"/>
</testsuite> <!-- utility.ExcelDataProvider -->
