<?xml version="1.0" encoding="UTF-8"?>
<!-- Generated by org.testng.reporters.JUnitReportReporter -->
<testsuite hostname="DESKTOP-07PEIS0" name="test.TestNG" tests="1" failures="0" timestamp="3 Jul 2020 18:12:28 GMT" time="4.310" errors="0">
  <testcase name="Googlesearchtest" time="4.310" classname="test.TestNG"/>
</testsuite> <!-- test.TestNG -->
